<?xml version="1.0" encoding="UTF-8"?>
<coverage generated="1760433455906" clover="3.2.0">
  <project timestamp="1760433455906" name="All files">
    <metrics statements="23" coveredstatements="22" conditionals="12" coveredconditionals="11" methods="3" coveredmethods="3" elements="38" coveredelements="36" complexity="0" loc="23" ncloc="23" packages="1" files="2" classes="2"/>
    <file name="fileParser.js" path="/Users/anastasiasmirnova/frontend-project-46/src/fileParser.js">
      <metrics statements="8" coveredstatements="7" conditionals="6" coveredconditionals="5" methods="1" coveredmethods="1"/>
      <line num="6" count="4" type="stmt"/>
      <line num="7" count="4" type="stmt"/>
      <line num="8" count="4" type="stmt"/>
      <line num="9" count="4" type="cond" truecount="2" falsecount="0"/>
      <line num="10" count="2" type="stmt"/>
      <line num="12" count="2" type="cond" truecount="3" falsecount="1"/>
      <line num="13" count="2" type="stmt"/>
      <line num="15" count="0" type="stmt"/>
    </file>
    <file name="genDiff.js" path="/Users/anastasiasmirnova/frontend-project-46/src/genDiff.js">
      <metrics statements="15" coveredstatements="15" conditionals="6" coveredconditionals="6" methods="2" coveredmethods="2"/>
      <line num="1" count="1" type="stmt"/>
      <line num="2" count="2" type="stmt"/>
      <line num="3" count="2" type="stmt"/>
      <line num="4" count="2" type="stmt"/>
      <line num="5" count="2" type="stmt"/>
      <line num="6" count="2" type="stmt"/>
      <line num="7" count="10" type="cond" truecount="2" falsecount="0"/>
      <line num="8" count="2" type="stmt"/>
      <line num="10" count="8" type="cond" truecount="2" falsecount="0"/>
      <line num="11" count="2" type="stmt"/>
      <line num="13" count="6" type="cond" truecount="2" falsecount="0"/>
      <line num="14" count="4" type="stmt"/>
      <line num="17" count="2" type="stmt"/>
      <line num="18" count="2" type="stmt"/>
      <line num="21" count="2" type="stmt"/>
    </file>
  </project>
</coverage>
