TN:
SF:src/fileParser.js
FN:5,parse
FNF:1
FNH:1
FNDA:4,parse
DA:6,4
DA:7,4
DA:8,4
DA:9,4
DA:10,2
DA:12,2
DA:13,2
DA:15,0
LF:8
LH:7
BRDA:9,0,0,2
BRDA:9,0,1,2
BRDA:12,1,0,2
BRDA:12,1,1,0
BRDA:12,2,0,2
BRDA:12,2,1,2
BRF:6
BRH:5
end_of_record
TN:
SF:src/genDiff.js
FN:1,(anonymous_0)
FN:6,(anonymous_1)
FNF:2
FNH:2
FNDA:2,(anonymous_0)
FNDA:10,(anonymous_1)
DA:1,1
DA:2,2
DA:3,2
DA:4,2
DA:5,2
DA:6,2
DA:7,10
DA:8,2
DA:10,8
DA:11,2
DA:13,6
DA:14,4
DA:17,2
DA:18,2
DA:21,2
LF:15
LH:15
BRDA:7,0,0,2
BRDA:7,0,1,8
BRDA:10,1,0,2
BRDA:10,1,1,6
BRDA:13,2,0,4
BRDA:13,2,1,2
BRF:6
BRH:6
end_of_record
