TN:
SF:src/fileParser.js
FN:4,parse
FNF:1
FNH:1
FNDA:2,parse
DA:5,2
DA:6,2
DA:7,2
DA:8,2
DA:9,2
DA:11,0
LF:6
LH:5
BRDA:8,0,0,2
BRDA:8,0,1,0
BRF:2
BRH:1
end_of_record
TN:
SF:src/genDiff.js
FN:1,(anonymous_0)
FN:6,(anonymous_1)
FNF:2
FNH:2
FNDA:1,(anonymous_0)
FNDA:5,(anonymous_1)
DA:1,1
DA:2,1
DA:3,1
DA:4,1
DA:5,1
DA:6,1
DA:7,5
DA:8,1
DA:10,4
DA:11,1
DA:13,3
DA:14,2
DA:17,1
DA:18,1
DA:21,1
LF:15
LH:15
BRDA:7,0,0,1
BRDA:7,0,1,4
BRDA:10,1,0,1
BRDA:10,1,1,3
BRDA:13,2,0,2
BRDA:13,2,1,1
BRF:6
BRH:6
end_of_record
